<?xml version="1.0" encoding="UTF-8"?>
<!-- Generated by org.testng.reporters.JUnitReportReporter -->
<testsuite hostname="qiuqiu-p1" name="study_day1.TestNGDemo1" tests="2" failures="0" timestamp="23 Oct 2019 08:48:23 GMT" time="0.004" errors="0">
  <testcase name="testCase1" time="0.004" classname="study_day1.TestNGDemo1"/>
  <testcase name="testCase2" time="0.000" classname="study_day1.TestNGDemo1"/>
</testsuite> <!-- study_day1.TestNGDemo1 -->
