<?xml version="1.0" encoding="UTF-8"?>
<!-- Generated by org.testng.reporters.JUnitReportReporter -->
<testsuite hostname="qiuqiu-p1" name="syudy_day3.page_object" tests="1" failures="0" timestamp="18 Oct 2019 08:11:12 GMT" time="10.311" errors="0">
  <testcase name="login176" time="10.311" classname="syudy_day3.page_object"/>
</testsuite> <!-- syudy_day3.page_object -->
